<testsuite name="canopy" tests="2" time="5.991"><testcase name="Search and check it's been searched" time="3.660"/><testcase name="Check if title is correct" time="0.777"><failure>equality check failed.  expected: facebook - Google Search, got: Search | Plumbs</failure></testcase></testsuite>