<testsuite name="canopy" tests="3" time="10.154"><testcase name="Search and check it's been searched" time="3.639"/><testcase name="Check if title is correct" time="0.099"/><testcase name="Checked if main content area is shown" time="6.416"/></testsuite>&apos;t find element .search-new li a</failure></testcase></testsuite>link&quot; tabindex=&quot;0&quot; jsaction=&quot;i3viod&quot; data-ved=&quot;0ahUKEwjF_viMqLPeAhVGNOwKHTJUBDwQ67oDCAQ&quot;&gt;...&lt;/a&gt; is not clickable at point (66, 86). Other element would receive the click: &lt;div&gt;...&lt;/div&gt;
  (Session info: headless chrome=70.0.3538.77)
  (Driver info: chromedriver=2.38.551601 (edb21f07fc70e9027c746edd3201443e011a61ed),platform=Windows NT 10.0.17134 x86_64)</failure></testcase></testsuite>